<?xml version="1.0" encoding="UTF-8"?>
<robot generator="Robot 4.0.3 (Python 3.9.6 on win32)" generated="20210811 12:07:24.555" rpa="false" schemaversion="2">
<suite id="s1" name="Inputbox" source="D:\Github\Python\robot-framework\Learn-1\TestCases\inputbox.robot">
<test id="s1-t1" name="TestingInputBox">
<kw name="Open Browser" library="SeleniumLibrary">
<arg>${url}</arg>
<arg>${browser}</arg>
<doc>Opens a new browser instance to the given ``url``.</doc>
<msg timestamp="20210811 12:07:24.785" level="INFO">Opening browser 'chrome' to base url 'https://demo.nopcommerce.com/'.</msg>
<status status="PASS" starttime="20210811 12:07:24.785" endtime="20210811 12:07:28.656"/>
</kw>
<kw name="Maximize Browser Window" library="SeleniumLibrary">
<doc>Maximizes current browser window.</doc>
<status status="PASS" starttime="20210811 12:07:28.656" endtime="20210811 12:07:28.783"/>
</kw>
<kw name="Title Should Be" library="SeleniumLibrary">
<arg>nopCommerce demo store</arg>
<doc>Verifies that current page title equals ``title``.</doc>
<msg timestamp="20210811 12:07:28.791" level="INFO">Page title is 'nopCommerce demo store'.</msg>
<status status="PASS" starttime="20210811 12:07:28.783" endtime="20210811 12:07:28.791"/>
</kw>
<kw name="Click Link" library="SeleniumLibrary">
<arg>xpath://a[contains(text(),'Log in')]</arg>
<doc>Clicks a link identified by ``locator``.</doc>
<msg timestamp="20210811 12:07:28.792" level="INFO">Clicking link 'xpath://a[contains(text(),'Log in')]'.</msg>
<status status="PASS" starttime="20210811 12:07:28.792" endtime="20210811 12:07:29.763"/>
</kw>
<kw name="Set Variable" library="BuiltIn">
<var>${"email_txt"}</var>
<arg>id:Email</arg>
<doc>Returns the given values which can then be assigned to a variables.</doc>
<msg timestamp="20210811 12:07:29.764" level="INFO">${"email_txt"} = id:Email</msg>
<status status="PASS" starttime="20210811 12:07:29.764" endtime="20210811 12:07:29.764"/>
</kw>
<kw name="Element Should Not Be Visible" library="SeleniumLibrary">
<arg>${"email_txt"}</arg>
<doc>Verifies that the element identified by ``locator`` is NOT visible.</doc>
<kw name="Capture Page Screenshot" library="SeleniumLibrary">
<doc>Takes screenshot of the current page and embeds it into log file.</doc>
<msg timestamp="20210811 12:07:29.968" level="INFO" html="true">&lt;/td&gt;&lt;/tr&gt;&lt;tr&gt;&lt;td colspan="3"&gt;&lt;a href="selenium-screenshot-1.png"&gt;&lt;img src="selenium-screenshot-1.png" width="800px"&gt;&lt;/a&gt;</msg>
<status status="PASS" starttime="20210811 12:07:29.793" endtime="20210811 12:07:29.968"/>
</kw>
<msg timestamp="20210811 12:07:29.970" level="FAIL">The element 'id:Email' should not be visible, but it is.</msg>
<status status="FAIL" starttime="20210811 12:07:29.765" endtime="20210811 12:07:29.970"/>
</kw>
<kw name="Input Text" library="SeleniumLibrary">
<arg>${"email_txt"}</arg>
<arg>testinghbb1@yahoo.com</arg>
<doc>Types the given ``text`` into text field identified by ``locator``.</doc>
<status status="NOT RUN" starttime="20210811 12:07:29.971" endtime="20210811 12:07:29.971"/>
</kw>
<kw name="Sleep" library="BuiltIn">
<arg>4</arg>
<doc>Pauses the test executed for the given time.</doc>
<status status="NOT RUN" starttime="20210811 12:07:29.971" endtime="20210811 12:07:29.971"/>
</kw>
<kw name="Clear Element Text" library="SeleniumLibrary">
<arg>${"email_txt"}</arg>
<doc>Clears the value of text entry element identified by ``locator``.</doc>
<status status="NOT RUN" starttime="20210811 12:07:29.972" endtime="20210811 12:07:29.972"/>
</kw>
<kw name="Sleep" library="BuiltIn">
<arg>3</arg>
<doc>Pauses the test executed for the given time.</doc>
<status status="NOT RUN" starttime="20210811 12:07:29.973" endtime="20210811 12:07:29.973"/>
</kw>
<kw name="Close Browser" library="SeleniumLibrary">
<doc>Closes the current browser.</doc>
<status status="NOT RUN" starttime="20210811 12:07:29.973" endtime="20210811 12:07:29.973"/>
</kw>
<status status="FAIL" starttime="20210811 12:07:24.784" endtime="20210811 12:07:29.974">The element 'id:Email' should not be visible, but it is.</status>
</test>
<status status="FAIL" starttime="20210811 12:07:24.558" endtime="20210811 12:07:29.976"/>
</suite>
<statistics>
<total>
<stat pass="0" fail="1" skip="0">All Tests</stat>
</total>
<tag>
</tag>
<suite>
<stat pass="0" fail="1" skip="0" id="s1" name="Inputbox">Inputbox</stat>
</suite>
</statistics>
<errors>
</errors>
</robot>
